2021-05-16T16:15:01+00:00 CRITICAL Uncaught Error: Call to undefined function get_variable_sale_percentage() in D:\xampp\htdocs\DigitalConnectionAll\gits-sites\lozaizidoro\wp-content\themes\lozaizidoro\functions.php:437
Stack trace:
#0 D:\xampp\htdocs\DigitalConnectionAll\gits-sites\lozaizidoro\wp-includes\class-wp-hook.php(294): add_percentage_to_sale_bubble('<span class="on...')
#1 D:\xampp\htdocs\DigitalConnectionAll\gits-sites\lozaizidoro\wp-includes\plugin.php(212): WP_Hook->apply_filters('<span class="on...', Array)
#2 D:\xampp\htdocs\DigitalConnectionAll\gits-sites\lozaizidoro\wp-content\plugins\woocommerce\templates\loop\sale-flash.php(27): apply_filters('woocommerce_sal...', '<span class="on...', Object(WP_Post), Object(WC_Product_Variable))
#3 D:\xampp\htdocs\DigitalConnectionAll\gits-sites\lozaizidoro\wp-content\plugins\woocommerce\includes\wc-core-functions.php(345): include('D:\\xampp\\htdocs...')
#4 D:\xampp\htdocs\DigitalConnectionAll\gits-sites\lozaizidoro\wp-content\plugins\woocommerce\includes\wc-template-functions.php(1348): wc_get_template('loop/sale-flash...')
#5 D:\xampp\htdocs\DigitalConnectionAll\gits-sites\lozaizidoro\wp-includes\class-wp-hook.php(292): woocommerce_show_product_loop_sale_flash('')
#6 D:\xampp\htdocs\DigitalConnectionAll\gits-sites\lozaizidoro\wp-includes\class-wp-hook.php(316): WP_Hook->apply_filters('', Array)
#7 D:\xampp\htdocs\DigitalConnectionAll\gits-sites\lozaizidoro\wp-includes\plugin.php(484): WP_Hook->do_action(Array)
#8 D:\xampp\htdocs\DigitalConnectionAll\gits-sites\lozaizidoro\wp-content\plugins\woocommerce\templates\content-product.php(42): do_action('woocommerce_bef...')
#9 D:\xampp\htdocs\DigitalConnectionAll\gits-sites\lozaizidoro\wp-includes\template.php(732): require('D:\\xampp\\htdocs...')
#10 D:\xampp\htdocs\DigitalConnectionAll\gits-sites\lozaizidoro\wp-content\plugins\woocommerce\includes\wc-core-functions.php(284): load_template('D:\\xampp\\htdocs...', false)
#11 D:\xampp\htdocs\DigitalConnectionAll\gits-sites\lozaizidoro\wp-content\themes\lozaizidoro\woocommerce\archive-product.php(121): wc_get_template_part('content', 'product')
#12 D:\xampp\htdocs\DigitalConnectionAll\gits-sites\lozaizidoro\wp-includes\template-loader.php(106): include('D:\\xampp\\htdocs...')
#13 D:\xampp\htdocs\DigitalConnectionAll\gits-sites\lozaizidoro\wp-blog-header.php(19): require_once('D:\\xampp\\htdocs...')
#14 D:\xampp\htdocs\DigitalConnectionAll\gits-sites\lozaizidoro\index.php(17): require('D:\\xampp\\htdocs...')
#15 {main}
  thrown in D:\xampp\htdocs\DigitalConnectionAll\gits-sites\lozaizidoro\wp-content\themes\lozaizidoro\functions.php on line 437

2021-05-16T16:15:05+00:00 CRITICAL Uncaught Error: Call to undefined function get_variable_sale_percentage() in D:\xampp\htdocs\DigitalConnectionAll\gits-sites\lozaizidoro\wp-content\themes\lozaizidoro\functions.php:437
Stack trace:
#0 D:\xampp\htdocs\DigitalConnectionAll\gits-sites\lozaizidoro\wp-includes\class-wp-hook.php(294): add_percentage_to_sale_bubble('<span class="on...')
#1 D:\xampp\htdocs\DigitalConnectionAll\gits-sites\lozaizidoro\wp-includes\plugin.php(212): WP_Hook->apply_filters('<span class="on...', Array)
#2 D:\xampp\htdocs\DigitalConnectionAll\gits-sites\lozaizidoro\wp-content\plugins\woocommerce\templates\loop\sale-flash.php(27): apply_filters('woocommerce_sal...', '<span class="on...', Object(WP_Post), Object(WC_Product_Variable))
#3 D:\xampp\htdocs\DigitalConnectionAll\gits-sites\lozaizidoro\wp-content\plugins\woocommerce\includes\wc-core-functions.php(345): include('D:\\xampp\\htdocs...')
#4 D:\xampp\htdocs\DigitalConnectionAll\gits-sites\lozaizidoro\wp-content\plugins\woocommerce\includes\wc-template-functions.php(1348): wc_get_template('loop/sale-flash...')
#5 D:\xampp\htdocs\DigitalConnectionAll\gits-sites\lozaizidoro\wp-includes\class-wp-hook.php(292): woocommerce_show_product_loop_sale_flash('')
#6 D:\xampp\htdocs\DigitalConnectionAll\gits-sites\lozaizidoro\wp-includes\class-wp-hook.php(316): WP_Hook->apply_filters('', Array)
#7 D:\xampp\htdocs\DigitalConnectionAll\gits-sites\lozaizidoro\wp-includes\plugin.php(484): WP_Hook->do_action(Array)
#8 D:\xampp\htdocs\DigitalConnectionAll\gits-sites\lozaizidoro\wp-content\plugins\woocommerce\templates\content-product.php(42): do_action('woocommerce_bef...')
#9 D:\xampp\htdocs\DigitalConnectionAll\gits-sites\lozaizidoro\wp-includes\template.php(732): require('D:\\xampp\\htdocs...')
#10 D:\xampp\htdocs\DigitalConnectionAll\gits-sites\lozaizidoro\wp-content\plugins\woocommerce\includes\wc-core-functions.php(284): load_template('D:\\xampp\\htdocs...', false)
#11 D:\xampp\htdocs\DigitalConnectionAll\gits-sites\lozaizidoro\wp-content\themes\lozaizidoro\woocommerce\archive-product.php(121): wc_get_template_part('content', 'product')
#12 D:\xampp\htdocs\DigitalConnectionAll\gits-sites\lozaizidoro\wp-includes\template-loader.php(106): include('D:\\xampp\\htdocs...')
#13 D:\xampp\htdocs\DigitalConnectionAll\gits-sites\lozaizidoro\wp-blog-header.php(19): require_once('D:\\xampp\\htdocs...')
#14 D:\xampp\htdocs\DigitalConnectionAll\gits-sites\lozaizidoro\index.php(17): require('D:\\xampp\\htdocs...')
#15 {main}
  thrown in D:\xampp\htdocs\DigitalConnectionAll\gits-sites\lozaizidoro\wp-content\themes\lozaizidoro\functions.php on line 437

